Arguments: 
  /usr/local/Cellar/node/16.7.0/bin/node /usr/local/Cellar/yarn/1.22.11/libexec/bin/yarn.js init

PATH: 
  /usr/local/Cellar/nodenv/1.4.0/libexec:/Users/naoto_hamada/.pyenv/bin:/Users/naoto_hamada/.nodenv/shims:/Users/naoto_hamada/.nodenv/bin:/Users/naoto_hamada/.rbenv/shims:/Users/naoto_hamada/.rbenv/bin:/Users/naoto_hamada/local/google/google-cloud-sdk/bin:/usr/local/Cellar/libpq/13.3/bin:/usr/local/go/bin:/Users/naoto_hamada/.cargo/bin:/usr/local/opt/mysql-client/bin:/usr/local/bin:/usr/bin:/bin:/usr/sbin:/sbin:/usr/local/go/bin:/Library/Apple/usr/bin:/Users/naoto_hamada/.pyenv/bin:/Users/naoto_hamada/.nodenv/shims:/Users/naoto_hamada/.nodenv/bin:/Users/naoto_hamada/.rbenv/shims:/Users/naoto_hamada/.rbenv/bin:/Users/naoto_hamada/local/google/google-cloud-sdk/bin:/usr/local/Cellar/libpq/13.3/bin:/Users/naoto_hamada/.cargo/bin:/usr/local/opt/mysql-client/bin

Yarn version: 
  1.22.11

Node version: 
  16.7.0

Platform: 
  darwin x64

Trace: 
  Error: canceled
      at Interface.<anonymous> (/usr/local/Cellar/yarn/1.22.11/libexec/lib/cli.js:137023:13)
      at Interface.emit (node:events:394:28)
      at Interface._ttyWrite (node:readline:1081:16)
      at ReadStream.onkeypress (node:readline:288:10)
      at ReadStream.emit (node:events:394:28)
      at emitKeys (node:internal/readline/utils:358:14)
      at emitKeys.next (<anonymous>)
      at ReadStream.onData (node:internal/readline/emitKeypressEvents:61:36)
      at ReadStream.emit (node:events:394:28)
      at addChunk (node:internal/streams/readable:315:12)

npm manifest: 
  No manifest

yarn manifest: 
  No manifest

Lockfile: 
  No lockfile
